[23-Feb-2017 22:18:34 UTC] PHP Warning:  mysqli_connect(): php_network_getaddresses: getaddrinfo failed: Name or service not known in /home/ubuntu/workspace/includes/db.php on line 6
[23-Feb-2017 22:18:34 UTC] PHP Stack trace:
[23-Feb-2017 22:18:34 UTC] PHP   1. {main}() /home/ubuntu/workspace/includes/db.php:0
[23-Feb-2017 22:18:34 UTC] PHP   2. mysqli_connect() /home/ubuntu/workspace/includes/db.php:6
[23-Feb-2017 22:18:34 UTC] PHP Warning:  mysqli_connect(): (HY000/2002): php_network_getaddresses: getaddrinfo failed: Name or service not known in /home/ubuntu/workspace/includes/db.php on line 6
[23-Feb-2017 22:18:34 UTC] PHP Stack trace:
[23-Feb-2017 22:18:34 UTC] PHP   1. {main}() /home/ubuntu/workspace/includes/db.php:0
[23-Feb-2017 22:18:34 UTC] PHP   2. mysqli_connect() /home/ubuntu/workspace/includes/db.php:6
[23-Feb-2017 22:26:23 UTC] PHP Warning:  mysqli_connect() expects parameter 5 to be long, string given in /home/ubuntu/workspace/includes/db.php on line 12
[23-Feb-2017 22:26:23 UTC] PHP Stack trace:
[23-Feb-2017 22:26:23 UTC] PHP   1. {main}() /home/ubuntu/workspace/includes/db.php:0
[23-Feb-2017 22:26:23 UTC] PHP   2. mysqli_connect() /home/ubuntu/workspace/includes/db.php:12
[23-Feb-2017 22:26:33 UTC] PHP Warning:  mysqli_connect(): php_network_getaddresses: getaddrinfo failed: Name or service not known in /home/ubuntu/workspace/includes/db.php on line 12
[23-Feb-2017 22:26:33 UTC] PHP Stack trace:
[23-Feb-2017 22:26:33 UTC] PHP   1. {main}() /home/ubuntu/workspace/includes/db.php:0
[23-Feb-2017 22:26:33 UTC] PHP   2. mysqli_connect() /home/ubuntu/workspace/includes/db.php:12
[23-Feb-2017 22:26:33 UTC] PHP Warning:  mysqli_connect(): (HY000/2002): php_network_getaddresses: getaddrinfo failed: Name or service not known in /home/ubuntu/workspace/includes/db.php on line 12
[23-Feb-2017 22:26:33 UTC] PHP Stack trace:
[23-Feb-2017 22:26:33 UTC] PHP   1. {main}() /home/ubuntu/workspace/includes/db.php:0
[23-Feb-2017 22:26:33 UTC] PHP   2. mysqli_connect() /home/ubuntu/workspace/includes/db.php:12
[23-Feb-2017 22:26:48 UTC] PHP Warning:  mysqli_connect(): php_network_getaddresses: getaddrinfo failed: Name or service not known in /home/ubuntu/workspace/includes/db.php on line 12
[23-Feb-2017 22:26:48 UTC] PHP Stack trace:
[23-Feb-2017 22:26:48 UTC] PHP   1. {main}() /home/ubuntu/workspace/includes/db.php:0
[23-Feb-2017 22:26:48 UTC] PHP   2. mysqli_connect() /home/ubuntu/workspace/includes/db.php:12
[23-Feb-2017 22:26:48 UTC] PHP Warning:  mysqli_connect(): (HY000/2002): php_network_getaddresses: getaddrinfo failed: Name or service not known in /home/ubuntu/workspace/includes/db.php on line 12
[23-Feb-2017 22:26:48 UTC] PHP Stack trace:
[23-Feb-2017 22:26:48 UTC] PHP   1. {main}() /home/ubuntu/workspace/includes/db.php:0
[23-Feb-2017 22:26:48 UTC] PHP   2. mysqli_connect() /home/ubuntu/workspace/includes/db.php:12
[23-Feb-2017 22:27:07 UTC] PHP Parse error:  syntax error, unexpected 'location' (T_STRING), expecting variable (T_VARIABLE) or '$' in /home/ubuntu/workspace/includes/db.php on line 2
[23-Feb-2017 23:49:04 UTC] PHP Parse error:  syntax error, unexpected '}' in /home/ubuntu/workspace/includes/search.php on line 59
[23-Feb-2017 23:50:06 UTC] PHP Warning:  include(includes/header.php): failed to open stream: No such file or directory in /home/ubuntu/workspace/includes/search.php on line 2
[23-Feb-2017 23:50:06 UTC] PHP Stack trace:
[23-Feb-2017 23:50:06 UTC] PHP   1. {main}() /home/ubuntu/workspace/includes/search.php:0
[23-Feb-2017 23:50:06 UTC] PHP Warning:  include(): Failed opening 'includes/header.php' for inclusion (include_path='.:/usr/share/php:/usr/share/pear') in /home/ubuntu/workspace/includes/search.php on line 2
[23-Feb-2017 23:50:06 UTC] PHP Stack trace:
[23-Feb-2017 23:50:06 UTC] PHP   1. {main}() /home/ubuntu/workspace/includes/search.php:0
[23-Feb-2017 23:50:06 UTC] PHP Warning:  include(includes/db.php): failed to open stream: No such file or directory in /home/ubuntu/workspace/includes/search.php on line 3
[23-Feb-2017 23:50:06 UTC] PHP Stack trace:
[23-Feb-2017 23:50:06 UTC] PHP   1. {main}() /home/ubuntu/workspace/includes/search.php:0
[23-Feb-2017 23:50:06 UTC] PHP Warning:  include(): Failed opening 'includes/db.php' for inclusion (include_path='.:/usr/share/php:/usr/share/pear') in /home/ubuntu/workspace/includes/search.php on line 3
[23-Feb-2017 23:50:06 UTC] PHP Stack trace:
[23-Feb-2017 23:50:06 UTC] PHP   1. {main}() /home/ubuntu/workspace/includes/search.php:0
[23-Feb-2017 23:50:06 UTC] PHP Warning:  include(includes/navbar.php): failed to open stream: No such file or directory in /home/ubuntu/workspace/includes/search.php on line 5
[23-Feb-2017 23:50:06 UTC] PHP Stack trace:
[23-Feb-2017 23:50:06 UTC] PHP   1. {main}() /home/ubuntu/workspace/includes/search.php:0
[23-Feb-2017 23:50:06 UTC] PHP Warning:  include(): Failed opening 'includes/navbar.php' for inclusion (include_path='.:/usr/share/php:/usr/share/pear') in /home/ubuntu/workspace/includes/search.php on line 5
[23-Feb-2017 23:50:06 UTC] PHP Stack trace:
[23-Feb-2017 23:50:06 UTC] PHP   1. {main}() /home/ubuntu/workspace/includes/search.php:0
[23-Feb-2017 23:50:06 UTC] PHP Warning:  mysqli_query() expects parameter 1 to be mysqli, null given in /home/ubuntu/workspace/includes/search.php on line 21
[23-Feb-2017 23:50:06 UTC] PHP Stack trace:
[23-Feb-2017 23:50:06 UTC] PHP   1. {main}() /home/ubuntu/workspace/includes/search.php:0
[23-Feb-2017 23:50:06 UTC] PHP   2. mysqli_query() /home/ubuntu/workspace/includes/search.php:21
[23-Feb-2017 23:50:06 UTC] PHP Warning:  mysqli_error() expects parameter 1 to be mysqli, null given in /home/ubuntu/workspace/includes/search.php on line 23
[23-Feb-2017 23:50:06 UTC] PHP Stack trace:
[23-Feb-2017 23:50:06 UTC] PHP   1. {main}() /home/ubuntu/workspace/includes/search.php:0
[23-Feb-2017 23:50:06 UTC] PHP   2. mysqli_error() /home/ubuntu/workspace/includes/search.php:23
[23-Feb-2017 23:50:21 UTC] PHP Warning:  include(includes/header.php): failed to open stream: No such file or directory in /home/ubuntu/workspace/includes/search.php on line 2
[23-Feb-2017 23:50:21 UTC] PHP Stack trace:
[23-Feb-2017 23:50:21 UTC] PHP   1. {main}() /home/ubuntu/workspace/includes/search.php:0
[23-Feb-2017 23:50:21 UTC] PHP Warning:  include(): Failed opening 'includes/header.php' for inclusion (include_path='.:/usr/share/php:/usr/share/pear') in /home/ubuntu/workspace/includes/search.php on line 2
[23-Feb-2017 23:50:21 UTC] PHP Stack trace:
[23-Feb-2017 23:50:21 UTC] PHP   1. {main}() /home/ubuntu/workspace/includes/search.php:0
[23-Feb-2017 23:50:21 UTC] PHP Warning:  include(includes/db.php): failed to open stream: No such file or directory in /home/ubuntu/workspace/includes/search.php on line 3
[23-Feb-2017 23:50:21 UTC] PHP Stack trace:
[23-Feb-2017 23:50:21 UTC] PHP   1. {main}() /home/ubuntu/workspace/includes/search.php:0
[23-Feb-2017 23:50:21 UTC] PHP Warning:  include(): Failed opening 'includes/db.php' for inclusion (include_path='.:/usr/share/php:/usr/share/pear') in /home/ubuntu/workspace/includes/search.php on line 3
[23-Feb-2017 23:50:21 UTC] PHP Stack trace:
[23-Feb-2017 23:50:21 UTC] PHP   1. {main}() /home/ubuntu/workspace/includes/search.php:0
[23-Feb-2017 23:50:21 UTC] PHP Warning:  include(includes/navbar.php): failed to open stream: No such file or directory in /home/ubuntu/workspace/includes/search.php on line 5
[23-Feb-2017 23:50:21 UTC] PHP Stack trace:
[23-Feb-2017 23:50:21 UTC] PHP   1. {main}() /home/ubuntu/workspace/includes/search.php:0
[23-Feb-2017 23:50:21 UTC] PHP Warning:  include(): Failed opening 'includes/navbar.php' for inclusion (include_path='.:/usr/share/php:/usr/share/pear') in /home/ubuntu/workspace/includes/search.php on line 5
[23-Feb-2017 23:50:21 UTC] PHP Stack trace:
[23-Feb-2017 23:50:21 UTC] PHP   1. {main}() /home/ubuntu/workspace/includes/search.php:0
[23-Feb-2017 23:50:21 UTC] PHP Warning:  mysqli_query() expects parameter 1 to be mysqli, null given in /home/ubuntu/workspace/includes/search.php on line 21
[23-Feb-2017 23:50:21 UTC] PHP Stack trace:
[23-Feb-2017 23:50:21 UTC] PHP   1. {main}() /home/ubuntu/workspace/includes/search.php:0
[23-Feb-2017 23:50:21 UTC] PHP   2. mysqli_query() /home/ubuntu/workspace/includes/search.php:21
[23-Feb-2017 23:50:21 UTC] PHP Warning:  mysqli_error() expects parameter 1 to be mysqli, null given in /home/ubuntu/workspace/includes/search.php on line 23
[23-Feb-2017 23:50:21 UTC] PHP Stack trace:
[23-Feb-2017 23:50:21 UTC] PHP   1. {main}() /home/ubuntu/workspace/includes/search.php:0
[23-Feb-2017 23:50:21 UTC] PHP   2. mysqli_error() /home/ubuntu/workspace/includes/search.php:23
[23-Feb-2017 23:50:48 UTC] PHP Warning:  include(includes/header.php): failed to open stream: No such file or directory in /home/ubuntu/workspace/includes/search.php on line 2
[23-Feb-2017 23:50:48 UTC] PHP Stack trace:
[23-Feb-2017 23:50:48 UTC] PHP   1. {main}() /home/ubuntu/workspace/includes/search.php:0
[23-Feb-2017 23:50:48 UTC] PHP Warning:  include(): Failed opening 'includes/header.php' for inclusion (include_path='.:/usr/share/php:/usr/share/pear') in /home/ubuntu/workspace/includes/search.php on line 2
[23-Feb-2017 23:50:48 UTC] PHP Stack trace:
[23-Feb-2017 23:50:48 UTC] PHP   1. {main}() /home/ubuntu/workspace/includes/search.php:0
[23-Feb-2017 23:50:48 UTC] PHP Warning:  include(includes/db.php): failed to open stream: No such file or directory in /home/ubuntu/workspace/includes/search.php on line 3
[23-Feb-2017 23:50:48 UTC] PHP Stack trace:
[23-Feb-2017 23:50:48 UTC] PHP   1. {main}() /home/ubuntu/workspace/includes/search.php:0
[23-Feb-2017 23:50:48 UTC] PHP Warning:  include(): Failed opening 'includes/db.php' for inclusion (include_path='.:/usr/share/php:/usr/share/pear') in /home/ubuntu/workspace/includes/search.php on line 3
[23-Feb-2017 23:50:48 UTC] PHP Stack trace:
[23-Feb-2017 23:50:48 UTC] PHP   1. {main}() /home/ubuntu/workspace/includes/search.php:0
[23-Feb-2017 23:50:48 UTC] PHP Warning:  include(includes/navbar.php): failed to open stream: No such file or directory in /home/ubuntu/workspace/includes/search.php on line 5
[23-Feb-2017 23:50:48 UTC] PHP Stack trace:
[23-Feb-2017 23:50:48 UTC] PHP   1. {main}() /home/ubuntu/workspace/includes/search.php:0
[23-Feb-2017 23:50:48 UTC] PHP Warning:  include(): Failed opening 'includes/navbar.php' for inclusion (include_path='.:/usr/share/php:/usr/share/pear') in /home/ubuntu/workspace/includes/search.php on line 5
[23-Feb-2017 23:50:48 UTC] PHP Stack trace:
[23-Feb-2017 23:50:48 UTC] PHP   1. {main}() /home/ubuntu/workspace/includes/search.php:0
[23-Feb-2017 23:50:48 UTC] PHP Warning:  mysqli_query() expects parameter 1 to be mysqli, null given in /home/ubuntu/workspace/includes/search.php on line 21
[23-Feb-2017 23:50:48 UTC] PHP Stack trace:
[23-Feb-2017 23:50:48 UTC] PHP   1. {main}() /home/ubuntu/workspace/includes/search.php:0
[23-Feb-2017 23:50:48 UTC] PHP   2. mysqli_query() /home/ubuntu/workspace/includes/search.php:21
[23-Feb-2017 23:50:48 UTC] PHP Warning:  mysqli_error() expects parameter 1 to be mysqli, null given in /home/ubuntu/workspace/includes/search.php on line 23
[23-Feb-2017 23:50:48 UTC] PHP Stack trace:
[23-Feb-2017 23:50:48 UTC] PHP   1. {main}() /home/ubuntu/workspace/includes/search.php:0
[23-Feb-2017 23:50:48 UTC] PHP   2. mysqli_error() /home/ubuntu/workspace/includes/search.php:23
[24-Feb-2017 20:00:41 UTC] PHP Warning:  mysqli_fetch_assoc() expects parameter 1 to be mysqli_result, boolean given in /home/ubuntu/workspace/admin/categories.php on line 45
[24-Feb-2017 20:00:41 UTC] PHP Stack trace:
[24-Feb-2017 20:00:41 UTC] PHP   1. {main}() /home/ubuntu/workspace/admin/categories.php:0
[24-Feb-2017 20:00:41 UTC] PHP   2. mysqli_fetch_assoc() /home/ubuntu/workspace/admin/categories.php:45
[24-Feb-2017 20:01:10 UTC] PHP Parse error:  syntax error, unexpected '}', expecting ',' or ';' in /home/ubuntu/workspace/admin/categories.php on line 54
[24-Feb-2017 20:01:22 UTC] PHP Warning:  mysqli_fetch_assoc() expects parameter 1 to be mysqli_result, boolean given in /home/ubuntu/workspace/admin/categories.php on line 45
[24-Feb-2017 20:01:22 UTC] PHP Stack trace:
[24-Feb-2017 20:01:22 UTC] PHP   1. {main}() /home/ubuntu/workspace/admin/categories.php:0
[24-Feb-2017 20:01:22 UTC] PHP   2. mysqli_fetch_assoc() /home/ubuntu/workspace/admin/categories.php:45
[24-Feb-2017 20:01:52 UTC] PHP Warning:  mysqli_fetch_assoc() expects parameter 1 to be mysqli_result, boolean given in /home/ubuntu/workspace/admin/categories.php on line 45
[24-Feb-2017 20:01:52 UTC] PHP Stack trace:
[24-Feb-2017 20:01:52 UTC] PHP   1. {main}() /home/ubuntu/workspace/admin/categories.php:0
[24-Feb-2017 20:01:52 UTC] PHP   2. mysqli_fetch_assoc() /home/ubuntu/workspace/admin/categories.php:45
[24-Feb-2017 23:04:02 UTC] PHP Fatal error:  Call to undefined function insert_category() in /home/ubuntu/workspace/admin/categories.php on line 15
[24-Feb-2017 23:04:02 UTC] PHP Stack trace:
[24-Feb-2017 23:04:02 UTC] PHP   1. {main}() /home/ubuntu/workspace/admin/categories.php:0
[24-Feb-2017 23:05:04 UTC] PHP Warning:  include(../functions.php): failed to open stream: No such file or directory in /home/ubuntu/workspace/admin/includes/header.php on line 3
[24-Feb-2017 23:05:04 UTC] PHP Stack trace:
[24-Feb-2017 23:05:04 UTC] PHP   1. {main}() /home/ubuntu/workspace/admin/categories.php:0
[24-Feb-2017 23:05:04 UTC] PHP   2. include() /home/ubuntu/workspace/admin/categories.php:1
[24-Feb-2017 23:05:04 UTC] PHP Warning:  include(): Failed opening '../functions.php' for inclusion (include_path='.:/usr/share/php:/usr/share/pear') in /home/ubuntu/workspace/admin/includes/header.php on line 3
[24-Feb-2017 23:05:04 UTC] PHP Stack trace:
[24-Feb-2017 23:05:04 UTC] PHP   1. {main}() /home/ubuntu/workspace/admin/categories.php:0
[24-Feb-2017 23:05:04 UTC] PHP   2. include() /home/ubuntu/workspace/admin/categories.php:1
[24-Feb-2017 23:05:04 UTC] PHP Fatal error:  Call to undefined function insert_category() in /home/ubuntu/workspace/admin/categories.php on line 15
[24-Feb-2017 23:05:04 UTC] PHP Stack trace:
[24-Feb-2017 23:05:04 UTC] PHP   1. {main}() /home/ubuntu/workspace/admin/categories.php:0
[24-Feb-2017 23:05:26 UTC] PHP Warning:  include(../functions.php): failed to open stream: No such file or directory in /home/ubuntu/workspace/admin/includes/header.php on line 3
[24-Feb-2017 23:05:26 UTC] PHP Stack trace:
[24-Feb-2017 23:05:26 UTC] PHP   1. {main}() /home/ubuntu/workspace/admin/categories.php:0
[24-Feb-2017 23:05:26 UTC] PHP   2. include() /home/ubuntu/workspace/admin/categories.php:1
[24-Feb-2017 23:05:26 UTC] PHP Warning:  include(): Failed opening '../functions.php' for inclusion (include_path='.:/usr/share/php:/usr/share/pear') in /home/ubuntu/workspace/admin/includes/header.php on line 3
[24-Feb-2017 23:05:26 UTC] PHP Stack trace:
[24-Feb-2017 23:05:26 UTC] PHP   1. {main}() /home/ubuntu/workspace/admin/categories.php:0
[24-Feb-2017 23:05:26 UTC] PHP   2. include() /home/ubuntu/workspace/admin/categories.php:1
[24-Feb-2017 23:05:26 UTC] PHP Fatal error:  Call to undefined function insert_category() in /home/ubuntu/workspace/admin/categories.php on line 15
[24-Feb-2017 23:05:26 UTC] PHP Stack trace:
[24-Feb-2017 23:05:26 UTC] PHP   1. {main}() /home/ubuntu/workspace/admin/categories.php:0
[24-Feb-2017 23:05:46 UTC] PHP Warning:  include(../functions.php): failed to open stream: No such file or directory in /home/ubuntu/workspace/admin/includes/header.php on line 3
[24-Feb-2017 23:05:46 UTC] PHP Stack trace:
[24-Feb-2017 23:05:46 UTC] PHP   1. {main}() /home/ubuntu/workspace/admin/categories.php:0
[24-Feb-2017 23:05:46 UTC] PHP   2. include() /home/ubuntu/workspace/admin/categories.php:1
[24-Feb-2017 23:05:46 UTC] PHP Warning:  include(): Failed opening '../functions.php' for inclusion (include_path='.:/usr/share/php:/usr/share/pear') in /home/ubuntu/workspace/admin/includes/header.php on line 3
[24-Feb-2017 23:05:46 UTC] PHP Stack trace:
[24-Feb-2017 23:05:46 UTC] PHP   1. {main}() /home/ubuntu/workspace/admin/categories.php:0
[24-Feb-2017 23:05:46 UTC] PHP   2. include() /home/ubuntu/workspace/admin/categories.php:1
[24-Feb-2017 23:05:46 UTC] PHP Fatal error:  Call to undefined function insert_category() in /home/ubuntu/workspace/admin/categories.php on line 15
[24-Feb-2017 23:05:46 UTC] PHP Stack trace:
[24-Feb-2017 23:05:46 UTC] PHP   1. {main}() /home/ubuntu/workspace/admin/categories.php:0
[24-Feb-2017 23:05:53 UTC] PHP Warning:  include(../functions.php): failed to open stream: No such file or directory in /home/ubuntu/workspace/admin/includes/header.php on line 3
[24-Feb-2017 23:05:53 UTC] PHP Stack trace:
[24-Feb-2017 23:05:53 UTC] PHP   1. {main}() /home/ubuntu/workspace/admin/index.php:0
[24-Feb-2017 23:05:53 UTC] PHP   2. include() /home/ubuntu/workspace/admin/index.php:1
[24-Feb-2017 23:05:53 UTC] PHP Warning:  include(): Failed opening '../functions.php' for inclusion (include_path='.:/usr/share/php:/usr/share/pear') in /home/ubuntu/workspace/admin/includes/header.php on line 3
[24-Feb-2017 23:05:53 UTC] PHP Stack trace:
[24-Feb-2017 23:05:53 UTC] PHP   1. {main}() /home/ubuntu/workspace/admin/index.php:0
[24-Feb-2017 23:05:53 UTC] PHP   2. include() /home/ubuntu/workspace/admin/index.php:1
[24-Feb-2017 23:06:39 UTC] PHP Warning:  mysqli_query() expects parameter 1 to be mysqli, null given in /home/ubuntu/workspace/admin/functions.php on line 10
[24-Feb-2017 23:06:39 UTC] PHP Stack trace:
[24-Feb-2017 23:06:39 UTC] PHP   1. {main}() /home/ubuntu/workspace/admin/categories.php:0
[24-Feb-2017 23:06:39 UTC] PHP   2. insert_category() /home/ubuntu/workspace/admin/categories.php:15
[24-Feb-2017 23:06:39 UTC] PHP   3. mysqli_query() /home/ubuntu/workspace/admin/functions.php:10
[24-Feb-2017 23:17:35 UTC] PHP Warning:  mysqli_query() expects parameter 1 to be mysqli, null given in /home/ubuntu/workspace/admin/functions.php on line 49
[24-Feb-2017 23:17:35 UTC] PHP Stack trace:
[24-Feb-2017 23:17:35 UTC] PHP   1. {main}() /home/ubuntu/workspace/admin/categories.php:0
[24-Feb-2017 23:17:35 UTC] PHP   2. include() /home/ubuntu/workspace/admin/categories.php:29
[24-Feb-2017 23:17:35 UTC] PHP   3. updateCategory() /home/ubuntu/workspace/admin/includes/update_categories.php:20
[24-Feb-2017 23:17:35 UTC] PHP   4. mysqli_query() /home/ubuntu/workspace/admin/functions.php:49
[24-Feb-2017 23:43:27 UTC] PHP Catchable fatal error:  Object of class mysqli_result could not be converted to string in /home/ubuntu/workspace/admin/posts.php on line 32
[24-Feb-2017 23:43:27 UTC] PHP Stack trace:
[24-Feb-2017 23:43:27 UTC] PHP   1. {main}() /home/ubuntu/workspace/admin/posts.php:0
[26-Feb-2017 23:47:10 UTC] PHP Fatal error:  Call to undefined function confirm() in /home/ubuntu/workspace/admin/includes/view_all_posts.php on line 68
[26-Feb-2017 23:47:10 UTC] PHP Stack trace:
[26-Feb-2017 23:47:10 UTC] PHP   1. {main}() /home/ubuntu/workspace/admin/posts.php:0
[26-Feb-2017 23:47:10 UTC] PHP   2. include() /home/ubuntu/workspace/admin/posts.php:24
[26-Feb-2017 23:47:13 UTC] PHP Fatal error:  Call to undefined function confirm() in /home/ubuntu/workspace/admin/includes/view_all_posts.php on line 68
[26-Feb-2017 23:47:13 UTC] PHP Stack trace:
[26-Feb-2017 23:47:13 UTC] PHP   1. {main}() /home/ubuntu/workspace/admin/posts.php:0
[26-Feb-2017 23:47:13 UTC] PHP   2. include() /home/ubuntu/workspace/admin/posts.php:24
[26-Feb-2017 23:48:54 UTC] PHP Fatal error:  Call to undefined function confirm() in /home/ubuntu/workspace/admin/includes/view_all_posts.php on line 69
[26-Feb-2017 23:48:54 UTC] PHP Stack trace:
[26-Feb-2017 23:48:54 UTC] PHP   1. {main}() /home/ubuntu/workspace/admin/posts.php:0
[26-Feb-2017 23:48:54 UTC] PHP   2. include() /home/ubuntu/workspace/admin/posts.php:24
[26-Feb-2017 23:49:12 UTC] PHP Fatal error:  Call to undefined function confirm() in /home/ubuntu/workspace/admin/includes/view_all_posts.php on line 69
[26-Feb-2017 23:49:12 UTC] PHP Stack trace:
[26-Feb-2017 23:49:12 UTC] PHP   1. {main}() /home/ubuntu/workspace/admin/posts.php:0
[26-Feb-2017 23:49:12 UTC] PHP   2. include() /home/ubuntu/workspace/admin/posts.php:24
[26-Feb-2017 23:49:25 UTC] PHP Fatal error:  Call to undefined function confirm() in /home/ubuntu/workspace/admin/includes/view_all_posts.php on line 68
[26-Feb-2017 23:49:25 UTC] PHP Stack trace:
[26-Feb-2017 23:49:25 UTC] PHP   1. {main}() /home/ubuntu/workspace/admin/posts.php:0
[26-Feb-2017 23:49:25 UTC] PHP   2. include() /home/ubuntu/workspace/admin/posts.php:24
[26-Feb-2017 23:50:05 UTC] PHP Warning:  include(../functions.php): failed to open stream: No such file or directory in /home/ubuntu/workspace/admin/includes/view_all_posts.php on line 1
[26-Feb-2017 23:50:05 UTC] PHP Stack trace:
[26-Feb-2017 23:50:05 UTC] PHP   1. {main}() /home/ubuntu/workspace/admin/posts.php:0
[26-Feb-2017 23:50:05 UTC] PHP   2. include() /home/ubuntu/workspace/admin/posts.php:24
[26-Feb-2017 23:50:05 UTC] PHP Warning:  include(): Failed opening '../functions.php' for inclusion (include_path='.:/usr/share/php:/usr/share/pear') in /home/ubuntu/workspace/admin/includes/view_all_posts.php on line 1
[26-Feb-2017 23:50:05 UTC] PHP Stack trace:
[26-Feb-2017 23:50:05 UTC] PHP   1. {main}() /home/ubuntu/workspace/admin/posts.php:0
[26-Feb-2017 23:50:05 UTC] PHP   2. include() /home/ubuntu/workspace/admin/posts.php:24
[26-Feb-2017 23:50:57 UTC] PHP Warning:  include(../functions.php): failed to open stream: No such file or directory in /home/ubuntu/workspace/admin/includes/view_all_posts.php on line 1
[26-Feb-2017 23:50:57 UTC] PHP Stack trace:
[26-Feb-2017 23:50:57 UTC] PHP   1. {main}() /home/ubuntu/workspace/admin/posts.php:0
[26-Feb-2017 23:50:57 UTC] PHP   2. include() /home/ubuntu/workspace/admin/posts.php:24
[26-Feb-2017 23:50:57 UTC] PHP Warning:  include(): Failed opening '../functions.php' for inclusion (include_path='.:/usr/share/php:/usr/share/pear') in /home/ubuntu/workspace/admin/includes/view_all_posts.php on line 1
[26-Feb-2017 23:50:57 UTC] PHP Stack trace:
[26-Feb-2017 23:50:57 UTC] PHP   1. {main}() /home/ubuntu/workspace/admin/posts.php:0
[26-Feb-2017 23:50:57 UTC] PHP   2. include() /home/ubuntu/workspace/admin/posts.php:24
[26-Feb-2017 23:51:22 UTC] PHP Fatal error:  Call to undefined function confirm() in /home/ubuntu/workspace/admin/includes/add_post.php on line 19
[26-Feb-2017 23:51:22 UTC] PHP Stack trace:
[26-Feb-2017 23:51:22 UTC] PHP   1. {main}() /home/ubuntu/workspace/admin/posts.php:0
[26-Feb-2017 23:51:22 UTC] PHP   2. include() /home/ubuntu/workspace/admin/posts.php:21
[26-Feb-2017 23:51:34 UTC] PHP Fatal error:  Call to undefined function confirm() in /home/ubuntu/workspace/admin/includes/add_post.php on line 19
[26-Feb-2017 23:51:34 UTC] PHP Stack trace:
[26-Feb-2017 23:51:34 UTC] PHP   1. {main}() /home/ubuntu/workspace/admin/posts.php:0
[26-Feb-2017 23:51:34 UTC] PHP   2. include() /home/ubuntu/workspace/admin/posts.php:21
[26-Feb-2017 23:53:06 UTC] PHP Fatal error:  Call to undefined function confirm() in /home/ubuntu/workspace/admin/includes/view_all_posts.php on line 68
[26-Feb-2017 23:53:06 UTC] PHP Stack trace:
[26-Feb-2017 23:53:06 UTC] PHP   1. {main}() /home/ubuntu/workspace/admin/posts.php:0
[26-Feb-2017 23:53:06 UTC] PHP   2. include() /home/ubuntu/workspace/admin/posts.php:24
[26-Feb-2017 23:53:09 UTC] PHP Fatal error:  Call to undefined function confirm() in /home/ubuntu/workspace/admin/includes/view_all_posts.php on line 68
[26-Feb-2017 23:53:09 UTC] PHP Stack trace:
[26-Feb-2017 23:53:09 UTC] PHP   1. {main}() /home/ubuntu/workspace/admin/posts.php:0
[26-Feb-2017 23:53:09 UTC] PHP   2. include() /home/ubuntu/workspace/admin/posts.php:24
[26-Feb-2017 23:53:11 UTC] PHP Fatal error:  Call to undefined function confirm() in /home/ubuntu/workspace/admin/includes/view_all_posts.php on line 68
[26-Feb-2017 23:53:11 UTC] PHP Stack trace:
[26-Feb-2017 23:53:11 UTC] PHP   1. {main}() /home/ubuntu/workspace/admin/posts.php:0
[26-Feb-2017 23:53:11 UTC] PHP   2. include() /home/ubuntu/workspace/admin/posts.php:24
[26-Feb-2017 23:53:15 UTC] PHP Fatal error:  Call to undefined function confirm() in /home/ubuntu/workspace/admin/includes/view_all_posts.php on line 68
[26-Feb-2017 23:53:15 UTC] PHP Stack trace:
[26-Feb-2017 23:53:15 UTC] PHP   1. {main}() /home/ubuntu/workspace/admin/posts.php:0
[26-Feb-2017 23:53:15 UTC] PHP   2. include() /home/ubuntu/workspace/admin/posts.php:24
[26-Feb-2017 23:53:18 UTC] PHP Fatal error:  Call to undefined function confirm() in /home/ubuntu/workspace/admin/includes/view_all_posts.php on line 68
[26-Feb-2017 23:53:18 UTC] PHP Stack trace:
[26-Feb-2017 23:53:18 UTC] PHP   1. {main}() /home/ubuntu/workspace/admin/posts.php:0
[26-Feb-2017 23:53:18 UTC] PHP   2. include() /home/ubuntu/workspace/admin/posts.php:24
[27-Feb-2017 00:31:20 UTC] PHP Parse error:  syntax error, unexpected '{' in /home/ubuntu/workspace/admin/includes/update_post.php on line 52
[27-Feb-2017 00:31:20 UTC] PHP Stack trace:
[27-Feb-2017 00:31:20 UTC] PHP   1. {main}() /home/ubuntu/workspace/admin/posts.php:0
[27-Feb-2017 22:54:17 UTC] PHP Warning:  include(includes/db.php): failed to open stream: No such file or directory in /home/ubuntu/workspace/admin/view_all_comments.php on line 2
[27-Feb-2017 22:54:17 UTC] PHP Stack trace:
[27-Feb-2017 22:54:17 UTC] PHP   1. {main}() /home/ubuntu/workspace/admin/view_all_comments.php:0
[27-Feb-2017 22:54:17 UTC] PHP Warning:  include(): Failed opening 'includes/db.php' for inclusion (include_path='.:/usr/share/php:/usr/share/pear') in /home/ubuntu/workspace/admin/view_all_comments.php on line 2
[27-Feb-2017 22:54:17 UTC] PHP Stack trace:
[27-Feb-2017 22:54:17 UTC] PHP   1. {main}() /home/ubuntu/workspace/admin/view_all_comments.php:0
[27-Feb-2017 22:56:06 UTC] PHP Fatal error:  Cannot redeclare queryCheck() (previously declared in /home/ubuntu/workspace/admin/functions.php:2) in /home/ubuntu/workspace/admin/functions.php on line 2
[27-Feb-2017 22:56:06 UTC] PHP Stack trace:
[27-Feb-2017 22:56:06 UTC] PHP   1. {main}() /home/ubuntu/workspace/admin/comments.php:0
[27-Feb-2017 22:56:06 UTC] PHP   2. include() /home/ubuntu/workspace/admin/comments.php:27
[27-Feb-2017 22:56:06 UTC] PHP   3. include() /home/ubuntu/workspace/admin/includes/view_all_comments.php:1
[27-Feb-2017 22:56:40 UTC] PHP Fatal error:  Cannot redeclare createCategory() (previously declared in /home/ubuntu/workspace/admin/functions.php:3) in /home/ubuntu/workspace/admin/functions.php on line 3
[27-Feb-2017 22:56:40 UTC] PHP Stack trace:
[27-Feb-2017 22:56:40 UTC] PHP   1. {main}() /home/ubuntu/workspace/admin/comments.php:0
[27-Feb-2017 22:56:40 UTC] PHP   2. include() /home/ubuntu/workspace/admin/comments.php:27
[27-Feb-2017 22:56:40 UTC] PHP   3. include() /home/ubuntu/workspace/admin/includes/view_all_comments.php:1
[27-Feb-2017 22:57:15 UTC] PHP Fatal error:  Cannot redeclare queryCheck() (previously declared in /home/ubuntu/workspace/admin/functions.php:2) in /home/ubuntu/workspace/admin/functions.php on line 2
[27-Feb-2017 22:57:15 UTC] PHP Stack trace:
[27-Feb-2017 22:57:15 UTC] PHP   1. {main}() /home/ubuntu/workspace/admin/comments.php:0
[27-Feb-2017 22:57:15 UTC] PHP   2. include() /home/ubuntu/workspace/admin/comments.php:27
[27-Feb-2017 22:57:15 UTC] PHP   3. include() /home/ubuntu/workspace/admin/includes/view_all_comments.php:1
[27-Feb-2017 23:00:53 UTC] PHP Fatal error:  Cannot redeclare queryCheck() (previously declared in /home/ubuntu/workspace/admin/functions.php:2) in /home/ubuntu/workspace/admin/functions.php on line 2
[27-Feb-2017 23:00:53 UTC] PHP Stack trace:
[27-Feb-2017 23:00:53 UTC] PHP   1. {main}() /home/ubuntu/workspace/admin/comments.php:0
[27-Feb-2017 23:00:53 UTC] PHP   2. include() /home/ubuntu/workspace/admin/comments.php:27
[27-Feb-2017 23:00:53 UTC] PHP   3. include() /home/ubuntu/workspace/admin/includes/view_all_comments.php:1
[27-Feb-2017 23:01:01 UTC] PHP Warning:  include(includes/db.php): failed to open stream: No such file or directory in /home/ubuntu/workspace/admin/includes/view_all_comments.php on line 1
[27-Feb-2017 23:01:01 UTC] PHP Stack trace:
[27-Feb-2017 23:01:01 UTC] PHP   1. {main}() /home/ubuntu/workspace/admin/comments.php:0
[27-Feb-2017 23:01:01 UTC] PHP   2. include() /home/ubuntu/workspace/admin/comments.php:27
[27-Feb-2017 23:01:01 UTC] PHP Warning:  include(): Failed opening 'includes/db.php' for inclusion (include_path='.:/usr/share/php:/usr/share/pear') in /home/ubuntu/workspace/admin/includes/view_all_comments.php on line 1
[27-Feb-2017 23:01:01 UTC] PHP Stack trace:
[27-Feb-2017 23:01:01 UTC] PHP   1. {main}() /home/ubuntu/workspace/admin/comments.php:0
[27-Feb-2017 23:01:01 UTC] PHP   2. include() /home/ubuntu/workspace/admin/comments.php:27
[27-Feb-2017 23:13:55 UTC] PHP Warning:  mysqli_query() expects parameter 1 to be mysqli, null given in /home/ubuntu/workspace/admin/includes/view_all_comments.php on line 44
[27-Feb-2017 23:13:55 UTC] PHP Stack trace:
[27-Feb-2017 23:13:55 UTC] PHP   1. {main}() /home/ubuntu/workspace/admin/comments.php:0
[27-Feb-2017 23:13:55 UTC] PHP   2. include() /home/ubuntu/workspace/admin/comments.php:27
[27-Feb-2017 23:13:55 UTC] PHP   3. mysqli_query() /home/ubuntu/workspace/admin/includes/view_all_comments.php:44
[27-Feb-2017 23:14:08 UTC] PHP Warning:  mysqli_query() expects parameter 1 to be mysqli, null given in /home/ubuntu/workspace/admin/includes/view_all_comments.php on line 44
[27-Feb-2017 23:14:08 UTC] PHP Stack trace:
[27-Feb-2017 23:14:08 UTC] PHP   1. {main}() /home/ubuntu/workspace/admin/comments.php:0
[27-Feb-2017 23:14:08 UTC] PHP   2. include() /home/ubuntu/workspace/admin/comments.php:27
[27-Feb-2017 23:14:08 UTC] PHP   3. mysqli_query() /home/ubuntu/workspace/admin/includes/view_all_comments.php:44
[27-Feb-2017 23:14:09 UTC] PHP Warning:  mysqli_query() expects parameter 1 to be mysqli, null given in /home/ubuntu/workspace/admin/includes/view_all_comments.php on line 44
[27-Feb-2017 23:14:09 UTC] PHP Stack trace:
[27-Feb-2017 23:14:09 UTC] PHP   1. {main}() /home/ubuntu/workspace/admin/comments.php:0
[27-Feb-2017 23:14:09 UTC] PHP   2. include() /home/ubuntu/workspace/admin/comments.php:27
[27-Feb-2017 23:14:09 UTC] PHP   3. mysqli_query() /home/ubuntu/workspace/admin/includes/view_all_comments.php:44
[28-Feb-2017 22:22:28 UTC] PHP Warning:  move_uploaded_file(): The second argument to copy() function cannot be a directory in /home/ubuntu/workspace/admin/includes/create_user.php on line 14
[28-Feb-2017 22:22:28 UTC] PHP Stack trace:
[28-Feb-2017 22:22:28 UTC] PHP   1. {main}() /home/ubuntu/workspace/admin/users.php:0
[28-Feb-2017 22:22:28 UTC] PHP   2. include() /home/ubuntu/workspace/admin/users.php:21
[28-Feb-2017 22:22:28 UTC] PHP   3. move_uploaded_file() /home/ubuntu/workspace/admin/includes/create_user.php:14
[28-Feb-2017 22:22:28 UTC] PHP Warning:  move_uploaded_file(): Unable to move '/tmp/phpU5mAun' to '../images/' in /home/ubuntu/workspace/admin/includes/create_user.php on line 14
[28-Feb-2017 22:22:28 UTC] PHP Stack trace:
[28-Feb-2017 22:22:28 UTC] PHP   1. {main}() /home/ubuntu/workspace/admin/users.php:0
[28-Feb-2017 22:22:28 UTC] PHP   2. include() /home/ubuntu/workspace/admin/users.php:21
[28-Feb-2017 22:22:28 UTC] PHP   3. move_uploaded_file() /home/ubuntu/workspace/admin/includes/create_user.php:14
[01-Mar-2017 20:05:26 UTC] PHP Warning:  log() expects parameter 1 to be double, array given in /home/ubuntu/workspace/admin/includes/header.php on line 7
[01-Mar-2017 20:05:26 UTC] PHP Stack trace:
[01-Mar-2017 20:05:26 UTC] PHP   1. {main}() /home/ubuntu/workspace/admin/index.php:0
[01-Mar-2017 20:05:26 UTC] PHP   2. include() /home/ubuntu/workspace/admin/index.php:1
[01-Mar-2017 20:05:26 UTC] PHP   3. log() /home/ubuntu/workspace/admin/includes/header.php:7
[01-Mar-2017 20:30:31 UTC] PHP Warning:  mysqli_fetch_array() expects parameter 1 to be mysqli_result, null given in /home/ubuntu/workspace/admin/profile.php on line 41
[01-Mar-2017 20:30:31 UTC] PHP Stack trace:
[01-Mar-2017 20:30:31 UTC] PHP   1. {main}() /home/ubuntu/workspace/admin/profile.php:0
[01-Mar-2017 20:30:31 UTC] PHP   2. mysqli_fetch_array() /home/ubuntu/workspace/admin/profile.php:41
[01-Mar-2017 20:31:26 UTC] PHP Warning:  mysqli_fetch_array() expects parameter 1 to be mysqli_result, null given in /home/ubuntu/workspace/admin/profile.php on line 42
[01-Mar-2017 20:31:26 UTC] PHP Stack trace:
[01-Mar-2017 20:31:26 UTC] PHP   1. {main}() /home/ubuntu/workspace/admin/profile.php:0
[01-Mar-2017 20:31:26 UTC] PHP   2. mysqli_fetch_array() /home/ubuntu/workspace/admin/profile.php:42
[01-Mar-2017 20:31:55 UTC] PHP Warning:  mysqli_fetch_array() expects parameter 1 to be mysqli_result, null given in /home/ubuntu/workspace/admin/profile.php on line 42
[01-Mar-2017 20:31:55 UTC] PHP Stack trace:
[01-Mar-2017 20:31:55 UTC] PHP   1. {main}() /home/ubuntu/workspace/admin/profile.php:0
[01-Mar-2017 20:31:55 UTC] PHP   2. mysqli_fetch_array() /home/ubuntu/workspace/admin/profile.php:42
[01-Mar-2017 20:31:57 UTC] PHP Warning:  mysqli_fetch_array() expects parameter 1 to be mysqli_result, null given in /home/ubuntu/workspace/admin/profile.php on line 42
[01-Mar-2017 20:31:57 UTC] PHP Stack trace:
[01-Mar-2017 20:31:57 UTC] PHP   1. {main}() /home/ubuntu/workspace/admin/profile.php:0
[01-Mar-2017 20:31:57 UTC] PHP   2. mysqli_fetch_array() /home/ubuntu/workspace/admin/profile.php:42
[01-Mar-2017 20:32:02 UTC] PHP Warning:  mysqli_fetch_array() expects parameter 1 to be mysqli_result, null given in /home/ubuntu/workspace/admin/profile.php on line 42
[01-Mar-2017 20:32:02 UTC] PHP Stack trace:
[01-Mar-2017 20:32:02 UTC] PHP   1. {main}() /home/ubuntu/workspace/admin/profile.php:0
[01-Mar-2017 20:32:02 UTC] PHP   2. mysqli_fetch_array() /home/ubuntu/workspace/admin/profile.php:42
[01-Mar-2017 20:32:36 UTC] PHP Warning:  mysqli_fetch_array() expects parameter 1 to be mysqli_result, null given in /home/ubuntu/workspace/admin/profile.php on line 13
[01-Mar-2017 20:32:36 UTC] PHP Stack trace:
[01-Mar-2017 20:32:36 UTC] PHP   1. {main}() /home/ubuntu/workspace/admin/profile.php:0
[01-Mar-2017 20:32:36 UTC] PHP   2. mysqli_fetch_array() /home/ubuntu/workspace/admin/profile.php:13
[01-Mar-2017 20:32:37 UTC] PHP Warning:  mysqli_fetch_array() expects parameter 1 to be mysqli_result, null given in /home/ubuntu/workspace/admin/profile.php on line 13
[01-Mar-2017 20:32:37 UTC] PHP Stack trace:
[01-Mar-2017 20:32:37 UTC] PHP   1. {main}() /home/ubuntu/workspace/admin/profile.php:0
[01-Mar-2017 20:32:37 UTC] PHP   2. mysqli_fetch_array() /home/ubuntu/workspace/admin/profile.php:13
[01-Mar-2017 20:32:42 UTC] PHP Warning:  mysqli_fetch_array() expects parameter 1 to be mysqli_result, null given in /home/ubuntu/workspace/admin/profile.php on line 42
[01-Mar-2017 20:32:42 UTC] PHP Stack trace:
[01-Mar-2017 20:32:42 UTC] PHP   1. {main}() /home/ubuntu/workspace/admin/profile.php:0
[01-Mar-2017 20:32:42 UTC] PHP   2. mysqli_fetch_array() /home/ubuntu/workspace/admin/profile.php:42
[01-Mar-2017 20:48:28 UTC] PHP Warning:  mysqli_query() expects parameter 1 to be mysqli, null given in /home/ubuntu/workspace/admin/profile.php on line 9
[01-Mar-2017 20:48:28 UTC] PHP Stack trace:
[01-Mar-2017 20:48:28 UTC] PHP   1. {main}() /home/ubuntu/workspace/admin/profile.php:0
[01-Mar-2017 20:48:28 UTC] PHP   2. mysqli_query() /home/ubuntu/workspace/admin/profile.php:9
[01-Mar-2017 20:48:38 UTC] PHP Warning:  mysqli_query() expects parameter 1 to be mysqli, null given in /home/ubuntu/workspace/admin/profile.php on line 9
[01-Mar-2017 20:48:38 UTC] PHP Stack trace:
[01-Mar-2017 20:48:38 UTC] PHP   1. {main}() /home/ubuntu/workspace/admin/profile.php:0
[01-Mar-2017 20:48:38 UTC] PHP   2. mysqli_query() /home/ubuntu/workspace/admin/profile.php:9
[01-Mar-2017 20:48:44 UTC] PHP Warning:  mysqli_query() expects parameter 1 to be mysqli, null given in /home/ubuntu/workspace/admin/profile.php on line 9
[01-Mar-2017 20:48:44 UTC] PHP Stack trace:
[01-Mar-2017 20:48:44 UTC] PHP   1. {main}() /home/ubuntu/workspace/admin/profile.php:0
[01-Mar-2017 20:48:44 UTC] PHP   2. mysqli_query() /home/ubuntu/workspace/admin/profile.php:9
[01-Mar-2017 20:48:52 UTC] PHP Warning:  mysqli_query() expects parameter 1 to be mysqli, null given in /home/ubuntu/workspace/admin/profile.php on line 9
[01-Mar-2017 20:48:52 UTC] PHP Stack trace:
[01-Mar-2017 20:48:52 UTC] PHP   1. {main}() /home/ubuntu/workspace/admin/profile.php:0
[01-Mar-2017 20:48:52 UTC] PHP   2. mysqli_query() /home/ubuntu/workspace/admin/profile.php:9
[01-Mar-2017 20:48:53 UTC] PHP Warning:  mysqli_query() expects parameter 1 to be mysqli, null given in /home/ubuntu/workspace/admin/profile.php on line 9
[01-Mar-2017 20:48:53 UTC] PHP Stack trace:
[01-Mar-2017 20:48:53 UTC] PHP   1. {main}() /home/ubuntu/workspace/admin/profile.php:0
[01-Mar-2017 20:48:53 UTC] PHP   2. mysqli_query() /home/ubuntu/workspace/admin/profile.php:9
[01-Mar-2017 20:49:06 UTC] PHP Warning:  mysqli_query() expects parameter 1 to be mysqli, null given in /home/ubuntu/workspace/admin/profile.php on line 9
[01-Mar-2017 20:49:06 UTC] PHP Stack trace:
[01-Mar-2017 20:49:06 UTC] PHP   1. {main}() /home/ubuntu/workspace/admin/profile.php:0
[01-Mar-2017 20:49:06 UTC] PHP   2. mysqli_query() /home/ubuntu/workspace/admin/profile.php:9
[01-Mar-2017 22:54:35 UTC] PHP Warning:  mysqli_query() expects at least 2 parameters, 1 given in /home/ubuntu/workspace/admin/index.php on line 57
[01-Mar-2017 22:54:35 UTC] PHP Stack trace:
[01-Mar-2017 22:54:35 UTC] PHP   1. {main}() /home/ubuntu/workspace/admin/index.php:0
[01-Mar-2017 22:54:35 UTC] PHP   2. mysqli_query() /home/ubuntu/workspace/admin/index.php:57
[01-Mar-2017 22:54:35 UTC] PHP Warning:  mysqli_num_rows() expects parameter 1 to be mysqli_result, null given in /home/ubuntu/workspace/admin/index.php on line 58
[01-Mar-2017 22:54:35 UTC] PHP Stack trace:
[01-Mar-2017 22:54:35 UTC] PHP   1. {main}() /home/ubuntu/workspace/admin/index.php:0
[01-Mar-2017 22:54:35 UTC] PHP   2. mysqli_num_rows() /home/ubuntu/workspace/admin/index.php:58
[01-Mar-2017 22:56:27 UTC] PHP Warning:  mysqli_query() expects at least 2 parameters, 1 given in /home/ubuntu/workspace/admin/index.php on line 86
[01-Mar-2017 22:56:27 UTC] PHP Stack trace:
[01-Mar-2017 22:56:27 UTC] PHP   1. {main}() /home/ubuntu/workspace/admin/index.php:0
[01-Mar-2017 22:56:27 UTC] PHP   2. mysqli_query() /home/ubuntu/workspace/admin/index.php:86
[01-Mar-2017 22:56:27 UTC] PHP Warning:  mysqli_num_rows() expects parameter 1 to be mysqli_result, null given in /home/ubuntu/workspace/admin/index.php on line 87
[01-Mar-2017 22:56:27 UTC] PHP Stack trace:
[01-Mar-2017 22:56:27 UTC] PHP   1. {main}() /home/ubuntu/workspace/admin/index.php:0
[01-Mar-2017 22:56:27 UTC] PHP   2. mysqli_num_rows() /home/ubuntu/workspace/admin/index.php:87
[03-Mar-2017 01:27:21 UTC] PHP Parse error:  syntax error, unexpected ')', expecting ',' or ';' in /home/ubuntu/workspace/admin/includes/view_all_comments.php on line 3
[03-Mar-2017 01:27:21 UTC] PHP Stack trace:
[03-Mar-2017 01:27:21 UTC] PHP   1. {main}() /home/ubuntu/workspace/admin/comments.php:0
[05-Mar-2017 19:09:19 UTC] PHP Warning:  include(./delete_modal.php): failed to open stream: No such file or directory in /home/ubuntu/workspace/admin/includes/view_all_posts.php on line 2
[05-Mar-2017 19:09:19 UTC] PHP Stack trace:
[05-Mar-2017 19:09:19 UTC] PHP   1. {main}() /home/ubuntu/workspace/admin/posts.php:0
[05-Mar-2017 19:09:19 UTC] PHP   2. include() /home/ubuntu/workspace/admin/posts.php:32
[05-Mar-2017 19:09:19 UTC] PHP Warning:  include(): Failed opening './delete_modal.php' for inclusion (include_path='.:/usr/share/php:/usr/share/pear') in /home/ubuntu/workspace/admin/includes/view_all_posts.php on line 2
[05-Mar-2017 19:09:19 UTC] PHP Stack trace:
[05-Mar-2017 19:09:19 UTC] PHP   1. {main}() /home/ubuntu/workspace/admin/posts.php:0
[05-Mar-2017 19:09:19 UTC] PHP   2. include() /home/ubuntu/workspace/admin/posts.php:32
[05-Mar-2017 22:44:25 UTC] PHP Warning:  mysqli_query() expects parameter 1 to be mysqli, null given in /home/ubuntu/workspace/admin/functions.php on line 64
[05-Mar-2017 22:44:25 UTC] PHP Stack trace:
[05-Mar-2017 22:44:25 UTC] PHP   1. {main}() /home/ubuntu/workspace/admin/index.php:0
[05-Mar-2017 22:44:25 UTC] PHP   2. findCount() /home/ubuntu/workspace/admin/index.php:28
[05-Mar-2017 22:44:25 UTC] PHP   3. mysqli_query() /home/ubuntu/workspace/admin/functions.php:64
[05-Mar-2017 22:44:25 UTC] PHP Warning:  mysqli_num_rows() expects parameter 1 to be mysqli_result, null given in /home/ubuntu/workspace/admin/functions.php on line 65
[05-Mar-2017 22:44:25 UTC] PHP Stack trace:
[05-Mar-2017 22:44:25 UTC] PHP   1. {main}() /home/ubuntu/workspace/admin/index.php:0
[05-Mar-2017 22:44:25 UTC] PHP   2. findCount() /home/ubuntu/workspace/admin/index.php:28
[05-Mar-2017 22:44:25 UTC] PHP   3. mysqli_num_rows() /home/ubuntu/workspace/admin/functions.php:65
[05-Mar-2017 23:24:16 UTC] PHP Warning:  include(1): failed to open stream: No such file or directory in /home/ubuntu/workspace/includes/login.php on line 2
[05-Mar-2017 23:24:16 UTC] PHP Stack trace:
[05-Mar-2017 23:24:16 UTC] PHP   1. {main}() /home/ubuntu/workspace/includes/login.php:0
[05-Mar-2017 23:24:16 UTC] PHP Warning:  include(): Failed opening '1' for inclusion (include_path='.:/usr/share/php:/usr/share/pear') in /home/ubuntu/workspace/includes/login.php on line 2
[05-Mar-2017 23:24:16 UTC] PHP Stack trace:
[05-Mar-2017 23:24:16 UTC] PHP   1. {main}() /home/ubuntu/workspace/includes/login.php:0
[05-Mar-2017 23:24:25 UTC] PHP Warning:  include(1): failed to open stream: No such file or directory in /home/ubuntu/workspace/includes/login.php on line 2
[05-Mar-2017 23:24:25 UTC] PHP Stack trace:
[05-Mar-2017 23:24:25 UTC] PHP   1. {main}() /home/ubuntu/workspace/includes/login.php:0
[05-Mar-2017 23:24:25 UTC] PHP Warning:  include(): Failed opening '1' for inclusion (include_path='.:/usr/share/php:/usr/share/pear') in /home/ubuntu/workspace/includes/login.php on line 2
[05-Mar-2017 23:24:25 UTC] PHP Stack trace:
[05-Mar-2017 23:24:25 UTC] PHP   1. {main}() /home/ubuntu/workspace/includes/login.php:0
[05-Mar-2017 23:25:02 UTC] PHP Warning:  include(1): failed to open stream: No such file or directory in /home/ubuntu/workspace/includes/login.php on line 2
[05-Mar-2017 23:25:02 UTC] PHP Stack trace:
[05-Mar-2017 23:25:02 UTC] PHP   1. {main}() /home/ubuntu/workspace/includes/login.php:0
[05-Mar-2017 23:25:02 UTC] PHP Warning:  include(): Failed opening '1' for inclusion (include_path='.:/usr/share/php:/usr/share/pear') in /home/ubuntu/workspace/includes/login.php on line 2
[05-Mar-2017 23:25:02 UTC] PHP Stack trace:
[05-Mar-2017 23:25:02 UTC] PHP   1. {main}() /home/ubuntu/workspace/includes/login.php:0
[05-Mar-2017 23:26:04 UTC] PHP Warning:  include(1): failed to open stream: No such file or directory in /home/ubuntu/workspace/includes/login.php on line 2
[05-Mar-2017 23:26:04 UTC] PHP Stack trace:
[05-Mar-2017 23:26:04 UTC] PHP   1. {main}() /home/ubuntu/workspace/includes/login.php:0
[05-Mar-2017 23:26:04 UTC] PHP Warning:  include(): Failed opening '1' for inclusion (include_path='.:/usr/share/php:/usr/share/pear') in /home/ubuntu/workspace/includes/login.php on line 2
[05-Mar-2017 23:26:04 UTC] PHP Stack trace:
[05-Mar-2017 23:26:04 UTC] PHP   1. {main}() /home/ubuntu/workspace/includes/login.php:0
[05-Mar-2017 23:27:37 UTC] PHP Warning:  include(1): failed to open stream: No such file or directory in /home/ubuntu/workspace/includes/login.php on line 2
[05-Mar-2017 23:27:37 UTC] PHP Stack trace:
[05-Mar-2017 23:27:37 UTC] PHP   1. {main}() /home/ubuntu/workspace/includes/login.php:0
[05-Mar-2017 23:27:37 UTC] PHP Warning:  include(): Failed opening '1' for inclusion (include_path='.:/usr/share/php:/usr/share/pear') in /home/ubuntu/workspace/includes/login.php on line 2
[05-Mar-2017 23:27:37 UTC] PHP Stack trace:
[05-Mar-2017 23:27:37 UTC] PHP   1. {main}() /home/ubuntu/workspace/includes/login.php:0
[05-Mar-2017 23:27:40 UTC] PHP Warning:  mysqli_query() expects at least 2 parameters, 1 given in /home/ubuntu/workspace/admin/functions.php on line 54
[05-Mar-2017 23:27:40 UTC] PHP Stack trace:
[05-Mar-2017 23:27:40 UTC] PHP   1. {main}() /home/ubuntu/workspace/admin/index.php:0
[05-Mar-2017 23:27:40 UTC] PHP   2. include() /home/ubuntu/workspace/admin/index.php:1
[05-Mar-2017 23:27:40 UTC] PHP   3. isAdmin() /home/ubuntu/workspace/admin/includes/header.php:6
[05-Mar-2017 23:27:40 UTC] PHP   4. mysqli_query() /home/ubuntu/workspace/admin/functions.php:54
[05-Mar-2017 23:27:40 UTC] PHP Warning:  mysqli_fetch_array() expects parameter 1 to be mysqli_result, null given in /home/ubuntu/workspace/admin/functions.php on line 55
[05-Mar-2017 23:27:40 UTC] PHP Stack trace:
[05-Mar-2017 23:27:40 UTC] PHP   1. {main}() /home/ubuntu/workspace/admin/index.php:0
[05-Mar-2017 23:27:40 UTC] PHP   2. include() /home/ubuntu/workspace/admin/index.php:1
[05-Mar-2017 23:27:40 UTC] PHP   3. isAdmin() /home/ubuntu/workspace/admin/includes/header.php:6
[05-Mar-2017 23:27:40 UTC] PHP   4. mysqli_fetch_array() /home/ubuntu/workspace/admin/functions.php:55
[05-Mar-2017 23:29:24 UTC] PHP Warning:  include(1): failed to open stream: No such file or directory in /home/ubuntu/workspace/includes/login.php on line 2
[05-Mar-2017 23:29:24 UTC] PHP Stack trace:
[05-Mar-2017 23:29:24 UTC] PHP   1. {main}() /home/ubuntu/workspace/includes/login.php:0
[05-Mar-2017 23:29:24 UTC] PHP Warning:  include(): Failed opening '1' for inclusion (include_path='.:/usr/share/php:/usr/share/pear') in /home/ubuntu/workspace/includes/login.php on line 2
[05-Mar-2017 23:29:24 UTC] PHP Stack trace:
[05-Mar-2017 23:29:24 UTC] PHP   1. {main}() /home/ubuntu/workspace/includes/login.php:0
[05-Mar-2017 23:30:46 UTC] PHP Warning:  include(1): failed to open stream: No such file or directory in /home/ubuntu/workspace/includes/login.php on line 2
[05-Mar-2017 23:30:46 UTC] PHP Stack trace:
[05-Mar-2017 23:30:46 UTC] PHP   1. {main}() /home/ubuntu/workspace/includes/login.php:0
[05-Mar-2017 23:30:46 UTC] PHP Warning:  include(): Failed opening '1' for inclusion (include_path='.:/usr/share/php:/usr/share/pear') in /home/ubuntu/workspace/includes/login.php on line 2
[05-Mar-2017 23:30:46 UTC] PHP Stack trace:
[05-Mar-2017 23:30:46 UTC] PHP   1. {main}() /home/ubuntu/workspace/includes/login.php:0
[05-Mar-2017 23:30:48 UTC] PHP Warning:  include(1): failed to open stream: No such file or directory in /home/ubuntu/workspace/includes/login.php on line 2
[05-Mar-2017 23:30:48 UTC] PHP Stack trace:
[05-Mar-2017 23:30:48 UTC] PHP   1. {main}() /home/ubuntu/workspace/includes/login.php:0
[05-Mar-2017 23:30:48 UTC] PHP Warning:  include(): Failed opening '1' for inclusion (include_path='.:/usr/share/php:/usr/share/pear') in /home/ubuntu/workspace/includes/login.php on line 2
[05-Mar-2017 23:30:48 UTC] PHP Stack trace:
[05-Mar-2017 23:30:48 UTC] PHP   1. {main}() /home/ubuntu/workspace/includes/login.php:0
[05-Mar-2017 23:33:33 UTC] PHP Warning:  mysqli_query() expects at least 2 parameters, 1 given in /home/ubuntu/workspace/admin/functions.php on line 54
[05-Mar-2017 23:33:33 UTC] PHP Stack trace:
[05-Mar-2017 23:33:33 UTC] PHP   1. {main}() /home/ubuntu/workspace/admin/index.php:0
[05-Mar-2017 23:33:33 UTC] PHP   2. include() /home/ubuntu/workspace/admin/index.php:1
[05-Mar-2017 23:33:33 UTC] PHP   3. isAdmin() /home/ubuntu/workspace/admin/includes/header.php:6
[05-Mar-2017 23:33:33 UTC] PHP   4. mysqli_query() /home/ubuntu/workspace/admin/functions.php:54
[05-Mar-2017 23:33:33 UTC] PHP Warning:  mysqli_fetch_array() expects parameter 1 to be mysqli_result, null given in /home/ubuntu/workspace/admin/functions.php on line 55
[05-Mar-2017 23:33:33 UTC] PHP Stack trace:
[05-Mar-2017 23:33:33 UTC] PHP   1. {main}() /home/ubuntu/workspace/admin/index.php:0
[05-Mar-2017 23:33:33 UTC] PHP   2. include() /home/ubuntu/workspace/admin/index.php:1
[05-Mar-2017 23:33:33 UTC] PHP   3. isAdmin() /home/ubuntu/workspace/admin/includes/header.php:6
[05-Mar-2017 23:33:33 UTC] PHP   4. mysqli_fetch_array() /home/ubuntu/workspace/admin/functions.php:55
[05-Mar-2017 23:33:40 UTC] PHP Warning:  include(1): failed to open stream: No such file or directory in /home/ubuntu/workspace/includes/login.php on line 2
[05-Mar-2017 23:33:40 UTC] PHP Stack trace:
[05-Mar-2017 23:33:40 UTC] PHP   1. {main}() /home/ubuntu/workspace/includes/login.php:0
[05-Mar-2017 23:33:40 UTC] PHP Warning:  include(): Failed opening '1' for inclusion (include_path='.:/usr/share/php:/usr/share/pear') in /home/ubuntu/workspace/includes/login.php on line 2
[05-Mar-2017 23:33:40 UTC] PHP Stack trace:
[05-Mar-2017 23:33:40 UTC] PHP   1. {main}() /home/ubuntu/workspace/includes/login.php:0
[05-Mar-2017 23:34:29 UTC] PHP Warning:  include(1): failed to open stream: No such file or directory in /home/ubuntu/workspace/includes/login.php on line 2
[05-Mar-2017 23:34:29 UTC] PHP Stack trace:
[05-Mar-2017 23:34:29 UTC] PHP   1. {main}() /home/ubuntu/workspace/includes/login.php:0
[05-Mar-2017 23:34:29 UTC] PHP Warning:  include(): Failed opening '1' for inclusion (include_path='.:/usr/share/php:/usr/share/pear') in /home/ubuntu/workspace/includes/login.php on line 2
[05-Mar-2017 23:34:29 UTC] PHP Stack trace:
[05-Mar-2017 23:34:29 UTC] PHP   1. {main}() /home/ubuntu/workspace/includes/login.php:0
[05-Mar-2017 23:34:35 UTC] PHP Warning:  include(1): failed to open stream: No such file or directory in /home/ubuntu/workspace/includes/login.php on line 2
[05-Mar-2017 23:34:35 UTC] PHP Stack trace:
[05-Mar-2017 23:34:35 UTC] PHP   1. {main}() /home/ubuntu/workspace/includes/login.php:0
[05-Mar-2017 23:34:35 UTC] PHP Warning:  include(): Failed opening '1' for inclusion (include_path='.:/usr/share/php:/usr/share/pear') in /home/ubuntu/workspace/includes/login.php on line 2
[05-Mar-2017 23:34:35 UTC] PHP Stack trace:
[05-Mar-2017 23:34:35 UTC] PHP   1. {main}() /home/ubuntu/workspace/includes/login.php:0
[05-Mar-2017 23:34:40 UTC] PHP Warning:  include(1): failed to open stream: No such file or directory in /home/ubuntu/workspace/includes/login.php on line 2
[05-Mar-2017 23:34:40 UTC] PHP Stack trace:
[05-Mar-2017 23:34:40 UTC] PHP   1. {main}() /home/ubuntu/workspace/includes/login.php:0
[05-Mar-2017 23:34:40 UTC] PHP Warning:  include(): Failed opening '1' for inclusion (include_path='.:/usr/share/php:/usr/share/pear') in /home/ubuntu/workspace/includes/login.php on line 2
[05-Mar-2017 23:34:40 UTC] PHP Stack trace:
[05-Mar-2017 23:34:40 UTC] PHP   1. {main}() /home/ubuntu/workspace/includes/login.php:0
[05-Mar-2017 23:37:19 UTC] PHP Warning:  mysqli_query() expects at least 2 parameters, 1 given in /home/ubuntu/workspace/admin/functions.php on line 54
[05-Mar-2017 23:37:19 UTC] PHP Stack trace:
[05-Mar-2017 23:37:19 UTC] PHP   1. {main}() /home/ubuntu/workspace/admin/index.php:0
[05-Mar-2017 23:37:19 UTC] PHP   2. include() /home/ubuntu/workspace/admin/index.php:1
[05-Mar-2017 23:37:19 UTC] PHP   3. isAdmin() /home/ubuntu/workspace/admin/includes/header.php:6
[05-Mar-2017 23:37:19 UTC] PHP   4. mysqli_query() /home/ubuntu/workspace/admin/functions.php:54
[05-Mar-2017 23:37:19 UTC] PHP Warning:  mysqli_fetch_array() expects parameter 1 to be mysqli_result, null given in /home/ubuntu/workspace/admin/functions.php on line 55
[05-Mar-2017 23:37:19 UTC] PHP Stack trace:
[05-Mar-2017 23:37:19 UTC] PHP   1. {main}() /home/ubuntu/workspace/admin/index.php:0
[05-Mar-2017 23:37:19 UTC] PHP   2. include() /home/ubuntu/workspace/admin/index.php:1
[05-Mar-2017 23:37:19 UTC] PHP   3. isAdmin() /home/ubuntu/workspace/admin/includes/header.php:6
[05-Mar-2017 23:37:19 UTC] PHP   4. mysqli_fetch_array() /home/ubuntu/workspace/admin/functions.php:55
[05-Mar-2017 23:37:24 UTC] PHP Warning:  mysqli_query() expects at least 2 parameters, 1 given in /home/ubuntu/workspace/admin/functions.php on line 54
[05-Mar-2017 23:37:24 UTC] PHP Stack trace:
[05-Mar-2017 23:37:24 UTC] PHP   1. {main}() /home/ubuntu/workspace/admin/index.php:0
[05-Mar-2017 23:37:24 UTC] PHP   2. include() /home/ubuntu/workspace/admin/index.php:1
[05-Mar-2017 23:37:24 UTC] PHP   3. isAdmin() /home/ubuntu/workspace/admin/includes/header.php:6
[05-Mar-2017 23:37:24 UTC] PHP   4. mysqli_query() /home/ubuntu/workspace/admin/functions.php:54
[05-Mar-2017 23:37:24 UTC] PHP Warning:  mysqli_fetch_array() expects parameter 1 to be mysqli_result, null given in /home/ubuntu/workspace/admin/functions.php on line 55
[05-Mar-2017 23:37:24 UTC] PHP Stack trace:
[05-Mar-2017 23:37:24 UTC] PHP   1. {main}() /home/ubuntu/workspace/admin/index.php:0
[05-Mar-2017 23:37:24 UTC] PHP   2. include() /home/ubuntu/workspace/admin/index.php:1
[05-Mar-2017 23:37:24 UTC] PHP   3. isAdmin() /home/ubuntu/workspace/admin/includes/header.php:6
[05-Mar-2017 23:37:24 UTC] PHP   4. mysqli_fetch_array() /home/ubuntu/workspace/admin/functions.php:55
[05-Mar-2017 23:37:26 UTC] PHP Warning:  mysqli_query() expects at least 2 parameters, 1 given in /home/ubuntu/workspace/admin/functions.php on line 54
[05-Mar-2017 23:37:26 UTC] PHP Stack trace:
[05-Mar-2017 23:37:26 UTC] PHP   1. {main}() /home/ubuntu/workspace/admin/index.php:0
[05-Mar-2017 23:37:26 UTC] PHP   2. include() /home/ubuntu/workspace/admin/index.php:1
[05-Mar-2017 23:37:26 UTC] PHP   3. isAdmin() /home/ubuntu/workspace/admin/includes/header.php:6
[05-Mar-2017 23:37:26 UTC] PHP   4. mysqli_query() /home/ubuntu/workspace/admin/functions.php:54
[05-Mar-2017 23:37:26 UTC] PHP Warning:  mysqli_fetch_array() expects parameter 1 to be mysqli_result, null given in /home/ubuntu/workspace/admin/functions.php on line 55
[05-Mar-2017 23:37:26 UTC] PHP Stack trace:
[05-Mar-2017 23:37:26 UTC] PHP   1. {main}() /home/ubuntu/workspace/admin/index.php:0
[05-Mar-2017 23:37:26 UTC] PHP   2. include() /home/ubuntu/workspace/admin/index.php:1
[05-Mar-2017 23:37:26 UTC] PHP   3. isAdmin() /home/ubuntu/workspace/admin/includes/header.php:6
[05-Mar-2017 23:37:26 UTC] PHP   4. mysqli_fetch_array() /home/ubuntu/workspace/admin/functions.php:55
[05-Mar-2017 23:39:09 UTC] PHP Warning:  mysqli_query() expects at least 2 parameters, 1 given in /home/ubuntu/workspace/admin/functions.php on line 54
[05-Mar-2017 23:39:09 UTC] PHP Stack trace:
[05-Mar-2017 23:39:09 UTC] PHP   1. {main}() /home/ubuntu/workspace/admin/index.php:0
[05-Mar-2017 23:39:09 UTC] PHP   2. include() /home/ubuntu/workspace/admin/index.php:1
[05-Mar-2017 23:39:09 UTC] PHP   3. isAdmin() /home/ubuntu/workspace/admin/includes/header.php:6
[05-Mar-2017 23:39:09 UTC] PHP   4. mysqli_query() /home/ubuntu/workspace/admin/functions.php:54
[05-Mar-2017 23:39:09 UTC] PHP Warning:  mysqli_fetch_array() expects parameter 1 to be mysqli_result, null given in /home/ubuntu/workspace/admin/functions.php on line 55
[05-Mar-2017 23:39:09 UTC] PHP Stack trace:
[05-Mar-2017 23:39:09 UTC] PHP   1. {main}() /home/ubuntu/workspace/admin/index.php:0
[05-Mar-2017 23:39:09 UTC] PHP   2. include() /home/ubuntu/workspace/admin/index.php:1
[05-Mar-2017 23:39:09 UTC] PHP   3. isAdmin() /home/ubuntu/workspace/admin/includes/header.php:6
[05-Mar-2017 23:39:09 UTC] PHP   4. mysqli_fetch_array() /home/ubuntu/workspace/admin/functions.php:55
[05-Mar-2017 23:39:38 UTC] PHP Warning:  mysqli_query() expects at least 2 parameters, 1 given in /home/ubuntu/workspace/admin/functions.php on line 54
[05-Mar-2017 23:39:38 UTC] PHP Stack trace:
[05-Mar-2017 23:39:38 UTC] PHP   1. {main}() /home/ubuntu/workspace/admin/index.php:0
[05-Mar-2017 23:39:38 UTC] PHP   2. include() /home/ubuntu/workspace/admin/index.php:1
[05-Mar-2017 23:39:38 UTC] PHP   3. isAdmin() /home/ubuntu/workspace/admin/includes/header.php:6
[05-Mar-2017 23:39:38 UTC] PHP   4. mysqli_query() /home/ubuntu/workspace/admin/functions.php:54
[05-Mar-2017 23:39:38 UTC] PHP Warning:  mysqli_fetch_array() expects parameter 1 to be mysqli_result, null given in /home/ubuntu/workspace/admin/functions.php on line 55
[05-Mar-2017 23:39:38 UTC] PHP Stack trace:
[05-Mar-2017 23:39:38 UTC] PHP   1. {main}() /home/ubuntu/workspace/admin/index.php:0
[05-Mar-2017 23:39:38 UTC] PHP   2. include() /home/ubuntu/workspace/admin/index.php:1
[05-Mar-2017 23:39:38 UTC] PHP   3. isAdmin() /home/ubuntu/workspace/admin/includes/header.php:6
[05-Mar-2017 23:39:38 UTC] PHP   4. mysqli_fetch_array() /home/ubuntu/workspace/admin/functions.php:55
[05-Mar-2017 23:50:55 UTC] PHP Warning:  include(1): failed to open stream: No such file or directory in /home/ubuntu/workspace/includes/logout.php on line 2
[05-Mar-2017 23:50:55 UTC] PHP Stack trace:
[05-Mar-2017 23:50:55 UTC] PHP   1. {main}() /home/ubuntu/workspace/includes/logout.php:0
[05-Mar-2017 23:50:55 UTC] PHP Warning:  include(): Failed opening '1' for inclusion (include_path='.:/usr/share/php:/usr/share/pear') in /home/ubuntu/workspace/includes/logout.php on line 2
[05-Mar-2017 23:50:55 UTC] PHP Stack trace:
[05-Mar-2017 23:50:55 UTC] PHP   1. {main}() /home/ubuntu/workspace/includes/logout.php:0
[05-Mar-2017 23:53:10 UTC] PHP Warning:  include(1): failed to open stream: No such file or directory in /home/ubuntu/workspace/includes/logout.php on line 2
[05-Mar-2017 23:53:10 UTC] PHP Stack trace:
[05-Mar-2017 23:53:10 UTC] PHP   1. {main}() /home/ubuntu/workspace/includes/logout.php:0
[05-Mar-2017 23:53:10 UTC] PHP Warning:  include(): Failed opening '1' for inclusion (include_path='.:/usr/share/php:/usr/share/pear') in /home/ubuntu/workspace/includes/logout.php on line 2
[05-Mar-2017 23:53:10 UTC] PHP Stack trace:
[05-Mar-2017 23:53:10 UTC] PHP   1. {main}() /home/ubuntu/workspace/includes/logout.php:0
[05-Mar-2017 23:53:49 UTC] PHP Warning:  include(1): failed to open stream: No such file or directory in /home/ubuntu/workspace/includes/logout.php on line 2
[05-Mar-2017 23:53:49 UTC] PHP Stack trace:
[05-Mar-2017 23:53:49 UTC] PHP   1. {main}() /home/ubuntu/workspace/includes/logout.php:0
[05-Mar-2017 23:53:49 UTC] PHP Warning:  include(): Failed opening '1' for inclusion (include_path='.:/usr/share/php:/usr/share/pear') in /home/ubuntu/workspace/includes/logout.php on line 2
[05-Mar-2017 23:53:49 UTC] PHP Stack trace:
[05-Mar-2017 23:53:49 UTC] PHP   1. {main}() /home/ubuntu/workspace/includes/logout.php:0
[06-Mar-2017 00:21:08 UTC] PHP Warning:  mysqli_error() expects parameter 1 to be mysqli, boolean given in /home/ubuntu/workspace/admin/includes/create_post.php on line 20
[06-Mar-2017 00:21:08 UTC] PHP Stack trace:
[06-Mar-2017 00:21:08 UTC] PHP   1. {main}() /home/ubuntu/workspace/admin/posts.php:0
[06-Mar-2017 00:21:08 UTC] PHP   2. include() /home/ubuntu/workspace/admin/posts.php:26
[06-Mar-2017 00:21:08 UTC] PHP   3. mysqli_error() /home/ubuntu/workspace/admin/includes/create_post.php:20
[06-Mar-2017 00:21:53 UTC] PHP Warning:  mysqli_error() expects parameter 1 to be mysqli, string given in /home/ubuntu/workspace/admin/includes/create_post.php on line 20
[06-Mar-2017 00:21:53 UTC] PHP Stack trace:
[06-Mar-2017 00:21:53 UTC] PHP   1. {main}() /home/ubuntu/workspace/admin/posts.php:0
[06-Mar-2017 00:21:53 UTC] PHP   2. include() /home/ubuntu/workspace/admin/posts.php:26
[06-Mar-2017 00:21:53 UTC] PHP   3. mysqli_error() /home/ubuntu/workspace/admin/includes/create_post.php:20
[06-Mar-2017 00:22:18 UTC] PHP Warning:  mysqli_error() expects parameter 1 to be mysqli, string given in /home/ubuntu/workspace/admin/includes/create_post.php on line 20
[06-Mar-2017 00:22:18 UTC] PHP Stack trace:
[06-Mar-2017 00:22:18 UTC] PHP   1. {main}() /home/ubuntu/workspace/admin/posts.php:0
[06-Mar-2017 00:22:18 UTC] PHP   2. include() /home/ubuntu/workspace/admin/posts.php:26
[06-Mar-2017 00:22:18 UTC] PHP   3. mysqli_error() /home/ubuntu/workspace/admin/includes/create_post.php:20
[06-Mar-2017 00:56:54 UTC] PHP Warning:  include(1): failed to open stream: No such file or directory in /home/ubuntu/workspace/includes/logout.php on line 2
[06-Mar-2017 00:56:54 UTC] PHP Stack trace:
[06-Mar-2017 00:56:54 UTC] PHP   1. {main}() /home/ubuntu/workspace/includes/logout.php:0
[06-Mar-2017 00:56:54 UTC] PHP Warning:  include(): Failed opening '1' for inclusion (include_path='.:/usr/share/php:/usr/share/pear') in /home/ubuntu/workspace/includes/logout.php on line 2
[06-Mar-2017 00:56:54 UTC] PHP Stack trace:
[06-Mar-2017 00:56:54 UTC] PHP   1. {main}() /home/ubuntu/workspace/includes/logout.php:0
[06-Mar-2017 00:58:48 UTC] PHP Warning:  include(1): failed to open stream: No such file or directory in /home/ubuntu/workspace/includes/logout.php on line 2
[06-Mar-2017 00:58:48 UTC] PHP Stack trace:
[06-Mar-2017 00:58:48 UTC] PHP   1. {main}() /home/ubuntu/workspace/includes/logout.php:0
[06-Mar-2017 00:58:48 UTC] PHP Warning:  include(): Failed opening '1' for inclusion (include_path='.:/usr/share/php:/usr/share/pear') in /home/ubuntu/workspace/includes/logout.php on line 2
[06-Mar-2017 00:58:48 UTC] PHP Stack trace:
[06-Mar-2017 00:58:48 UTC] PHP   1. {main}() /home/ubuntu/workspace/includes/logout.php:0
[06-Mar-2017 00:59:35 UTC] PHP Warning:  include(1): failed to open stream: No such file or directory in /home/ubuntu/workspace/includes/logout.php on line 2
[06-Mar-2017 00:59:35 UTC] PHP Stack trace:
[06-Mar-2017 00:59:35 UTC] PHP   1. {main}() /home/ubuntu/workspace/includes/logout.php:0
[06-Mar-2017 00:59:35 UTC] PHP Warning:  include(): Failed opening '1' for inclusion (include_path='.:/usr/share/php:/usr/share/pear') in /home/ubuntu/workspace/includes/logout.php on line 2
[06-Mar-2017 00:59:35 UTC] PHP Stack trace:
[06-Mar-2017 00:59:35 UTC] PHP   1. {main}() /home/ubuntu/workspace/includes/logout.php:0
[06-Mar-2017 01:00:13 UTC] PHP Warning:  include(1): failed to open stream: No such file or directory in /home/ubuntu/workspace/includes/logout.php on line 2
[06-Mar-2017 01:00:13 UTC] PHP Stack trace:
[06-Mar-2017 01:00:13 UTC] PHP   1. {main}() /home/ubuntu/workspace/includes/logout.php:0
[06-Mar-2017 01:00:13 UTC] PHP Warning:  include(): Failed opening '1' for inclusion (include_path='.:/usr/share/php:/usr/share/pear') in /home/ubuntu/workspace/includes/logout.php on line 2
[06-Mar-2017 01:00:13 UTC] PHP Stack trace:
[06-Mar-2017 01:00:13 UTC] PHP   1. {main}() /home/ubuntu/workspace/includes/logout.php:0
